2019-12-17T04:24:55+00:00	fluent.info	{"worker":3,"message":"fluentd worker is now running worker=3"}
2019-12-17T04:25:28+00:00	fluent.info	{"message":"'flush_interval' is configured at out side of <buffer>. 'flush_mode' is set to 'interval' to keep existing behaviour"}
2019-12-17T04:25:28+00:00	fluent.info	{"message":"'flush_interval' is configured at out side of <buffer>. 'flush_mode' is set to 'interval' to keep existing behaviour"}
2019-12-17T04:25:27+00:00	fluent.info	{"message":"out_forest plants new output: copy for tag 'P-Rep-loopchain.log.booting_20191217.log'"}
2019-12-17T04:24:55+00:00	fluent.info	{"worker":1,"message":"fluentd worker is now running worker=1"}
2019-12-17T04:25:28+00:00	fluent.info	{"message":"'flush_interval' is configured at out side of <buffer>. 'flush_mode' is set to 'interval' to keep existing behaviour"}
2019-12-17T04:25:28+00:00	fluent.info	{"message":"'flush_interval' is configured at out side of <buffer>. 'flush_mode' is set to 'interval' to keep existing behaviour"}
2019-12-17T04:25:27+00:00	fluent.info	{"message":"out_forest plants new output: copy for tag 'P-Rep-loopchain.log.booting_20191217.log'"}
2019-12-17T04:24:55+00:00	fluent.info	{"worker":2,"message":"fluentd worker is now running worker=2"}
2019-12-17T04:25:28+00:00	fluent.info	{"message":"'flush_interval' is configured at out side of <buffer>. 'flush_mode' is set to 'interval' to keep existing behaviour"}
2019-12-17T04:25:28+00:00	fluent.info	{"message":"'flush_interval' is configured at out side of <buffer>. 'flush_mode' is set to 'interval' to keep existing behaviour"}
2019-12-17T04:25:27+00:00	fluent.info	{"message":"out_forest plants new output: copy for tag 'P-Rep-loopchain.log.booting_20191217.log'"}
2019-12-17T04:24:54+00:00	fluent.info	{"worker":0,"message":"fluentd worker is now running worker=0"}
2019-12-17T04:25:28+00:00	fluent.info	{"message":"'flush_interval' is configured at out side of <buffer>. 'flush_mode' is set to 'interval' to keep existing behaviour"}
2019-12-17T04:25:28+00:00	fluent.info	{"message":"'flush_interval' is configured at out side of <buffer>. 'flush_mode' is set to 'interval' to keep existing behaviour"}
2019-12-17T04:25:27+00:00	fluent.info	{"message":"out_forest plants new output: copy for tag 'P-Rep-loopchain.log.booting_20191217.log'"}
2019-12-17T04:27:50+00:00	fluent.info	{"message":"'flush_interval' is configured at out side of <buffer>. 'flush_mode' is set to 'interval' to keep existing behaviour"}
2019-12-17T04:27:50+00:00	fluent.info	{"message":"'flush_interval' is configured at out side of <buffer>. 'flush_mode' is set to 'interval' to keep existing behaviour"}
2019-12-17T04:27:50+00:00	fluent.info	{"message":"out_forest plants new output: copy for tag 'P-Rep-loopchain.log.iconrpcserver.log'"}
2019-12-17T04:27:51+00:00	fluent.info	{"message":"'flush_interval' is configured at out side of <buffer>. 'flush_mode' is set to 'interval' to keep existing behaviour"}
2019-12-17T04:27:51+00:00	fluent.info	{"message":"'flush_interval' is configured at out side of <buffer>. 'flush_mode' is set to 'interval' to keep existing behaviour"}
2019-12-17T04:27:51+00:00	fluent.info	{"message":"out_forest plants new output: copy for tag 'P-Rep-loopchain.log.rc.log'"}
2019-12-17T04:27:51+00:00	fluent.info	{"message":"'flush_interval' is configured at out side of <buffer>. 'flush_mode' is set to 'interval' to keep existing behaviour"}
2019-12-17T04:27:51+00:00	fluent.info	{"message":"'flush_interval' is configured at out side of <buffer>. 'flush_mode' is set to 'interval' to keep existing behaviour"}
2019-12-17T04:27:51+00:00	fluent.info	{"message":"out_forest plants new output: copy for tag 'P-Rep-loopchain.log.loopchain.citizen.log'"}
2019-12-17T04:27:50+00:00	fluent.info	{"message":"'flush_interval' is configured at out side of <buffer>. 'flush_mode' is set to 'interval' to keep existing behaviour"}
2019-12-17T04:27:50+00:00	fluent.info	{"message":"'flush_interval' is configured at out side of <buffer>. 'flush_mode' is set to 'interval' to keep existing behaviour"}
2019-12-17T04:27:50+00:00	fluent.info	{"message":"out_forest plants new output: copy for tag 'P-Rep-loopchain.log.iconservice.log'"}
2019-12-17T04:27:52+00:00	fluent.info	{"message":"'flush_interval' is configured at out side of <buffer>. 'flush_mode' is set to 'interval' to keep existing behaviour"}
2019-12-17T04:27:52+00:00	fluent.info	{"message":"'flush_interval' is configured at out side of <buffer>. 'flush_mode' is set to 'interval' to keep existing behaviour"}
2019-12-17T04:27:52+00:00	fluent.info	{"message":"out_forest plants new output: copy for tag 'P-Rep-loopchain.log.loopchain.channel.icon_dex.log'"}
2019-12-17T04:30:03+00:00	fluent.info	{"message":"'flush_interval' is configured at out side of <buffer>. 'flush_mode' is set to 'interval' to keep existing behaviour"}
2019-12-17T04:30:03+00:00	fluent.info	{"message":"'flush_interval' is configured at out side of <buffer>. 'flush_mode' is set to 'interval' to keep existing behaviour"}
2019-12-17T04:30:03+00:00	fluent.info	{"message":"out_forest plants new output: copy for tag 'P-Rep-loopchain.log.iconrpcserver.log'"}
2019-12-17T04:30:03+00:00	fluent.info	{"message":"'flush_interval' is configured at out side of <buffer>. 'flush_mode' is set to 'interval' to keep existing behaviour"}
2019-12-17T04:30:03+00:00	fluent.info	{"message":"'flush_interval' is configured at out side of <buffer>. 'flush_mode' is set to 'interval' to keep existing behaviour"}
2019-12-17T04:30:03+00:00	fluent.info	{"message":"out_forest plants new output: copy for tag 'P-Rep-loopchain.log.iconservice.log'"}
2019-12-17T04:30:04+00:00	fluent.info	{"message":"'flush_interval' is configured at out side of <buffer>. 'flush_mode' is set to 'interval' to keep existing behaviour"}
2019-12-17T04:30:04+00:00	fluent.info	{"message":"'flush_interval' is configured at out side of <buffer>. 'flush_mode' is set to 'interval' to keep existing behaviour"}
2019-12-17T04:30:04+00:00	fluent.info	{"message":"out_forest plants new output: copy for tag 'P-Rep-loopchain.log.rc.log'"}
2019-12-17T04:30:04+00:00	fluent.info	{"message":"'flush_interval' is configured at out side of <buffer>. 'flush_mode' is set to 'interval' to keep existing behaviour"}
2019-12-17T04:30:04+00:00	fluent.info	{"message":"'flush_interval' is configured at out side of <buffer>. 'flush_mode' is set to 'interval' to keep existing behaviour"}
2019-12-17T04:30:04+00:00	fluent.info	{"message":"out_forest plants new output: copy for tag 'P-Rep-loopchain.log.loopchain.citizen.log'"}
2019-12-17T04:30:05+00:00	fluent.info	{"message":"'flush_interval' is configured at out side of <buffer>. 'flush_mode' is set to 'interval' to keep existing behaviour"}
2019-12-17T04:30:05+00:00	fluent.info	{"message":"'flush_interval' is configured at out side of <buffer>. 'flush_mode' is set to 'interval' to keep existing behaviour"}
2019-12-17T04:30:05+00:00	fluent.info	{"message":"out_forest plants new output: copy for tag 'P-Rep-loopchain.log.loopchain.channel.icon_dex.log'"}
2019-12-17T04:30:25+00:00	fluent.info	{"message":"'flush_interval' is configured at out side of <buffer>. 'flush_mode' is set to 'interval' to keep existing behaviour"}
2019-12-17T04:30:25+00:00	fluent.info	{"message":"'flush_interval' is configured at out side of <buffer>. 'flush_mode' is set to 'interval' to keep existing behaviour"}
2019-12-17T04:30:25+00:00	fluent.info	{"message":"out_forest plants new output: copy for tag 'P-Rep-loopchain.log.loopchain.channel.icon_dex.log'"}
2019-12-17T04:30:26+00:00	fluent.info	{"message":"'flush_interval' is configured at out side of <buffer>. 'flush_mode' is set to 'interval' to keep existing behaviour"}
2019-12-17T04:30:26+00:00	fluent.info	{"message":"'flush_interval' is configured at out side of <buffer>. 'flush_mode' is set to 'interval' to keep existing behaviour"}
2019-12-17T04:30:26+00:00	fluent.info	{"message":"out_forest plants new output: copy for tag 'P-Rep-loopchain.log.loopchain.citizen.log'"}
2019-12-17T04:30:26+00:00	fluent.info	{"message":"'flush_interval' is configured at out side of <buffer>. 'flush_mode' is set to 'interval' to keep existing behaviour"}
2019-12-17T04:30:26+00:00	fluent.info	{"message":"'flush_interval' is configured at out side of <buffer>. 'flush_mode' is set to 'interval' to keep existing behaviour"}
2019-12-17T04:30:26+00:00	fluent.info	{"message":"out_forest plants new output: copy for tag 'P-Rep-loopchain.log.iconservice.log'"}
2019-12-17T04:31:03+00:00	fluent.info	{"message":"'flush_interval' is configured at out side of <buffer>. 'flush_mode' is set to 'interval' to keep existing behaviour"}
2019-12-17T04:31:03+00:00	fluent.info	{"message":"'flush_interval' is configured at out side of <buffer>. 'flush_mode' is set to 'interval' to keep existing behaviour"}
2019-12-17T04:31:03+00:00	fluent.info	{"message":"out_forest plants new output: copy for tag 'P-Rep-loopchain.log.iconservice.log'"}
2019-12-17T04:31:03+00:00	fluent.info	{"message":"'flush_interval' is configured at out side of <buffer>. 'flush_mode' is set to 'interval' to keep existing behaviour"}
2019-12-17T04:31:03+00:00	fluent.info	{"message":"'flush_interval' is configured at out side of <buffer>. 'flush_mode' is set to 'interval' to keep existing behaviour"}
2019-12-17T04:31:03+00:00	fluent.info	{"message":"out_forest plants new output: copy for tag 'P-Rep-loopchain.log.loopchain.channel.icon_dex.log'"}
2019-12-17T04:31:56+00:00	fluent.info	{"message":"'flush_interval' is configured at out side of <buffer>. 'flush_mode' is set to 'interval' to keep existing behaviour"}
2019-12-17T04:31:56+00:00	fluent.info	{"message":"'flush_interval' is configured at out side of <buffer>. 'flush_mode' is set to 'interval' to keep existing behaviour"}
2019-12-17T04:31:56+00:00	fluent.info	{"message":"out_forest plants new output: copy for tag 'P-Rep-loopchain.log.loopchain.citizen.log'"}
2019-12-17T04:32:06+00:00	fluent.info	{"message":"'flush_interval' is configured at out side of <buffer>. 'flush_mode' is set to 'interval' to keep existing behaviour"}
2019-12-17T04:32:06+00:00	fluent.info	{"message":"'flush_interval' is configured at out side of <buffer>. 'flush_mode' is set to 'interval' to keep existing behaviour"}
2019-12-17T04:32:06+00:00	fluent.info	{"message":"out_forest plants new output: copy for tag 'P-Rep-loopchain.log.iconrpcserver.log'"}
2019-12-17T04:39:07+00:00	fluent.info	{"message":"'flush_interval' is configured at out side of <buffer>. 'flush_mode' is set to 'interval' to keep existing behaviour"}
2019-12-17T04:39:07+00:00	fluent.info	{"message":"'flush_interval' is configured at out side of <buffer>. 'flush_mode' is set to 'interval' to keep existing behaviour"}
2019-12-17T04:39:07+00:00	fluent.info	{"message":"out_forest plants new output: copy for tag 'P-Rep-loopchain.log.iconrpcserver.log'"}
